{"/Users/edhalliwell/Develop/Academy/training/ts-kata-template/src/skeleton.ts": {"path":"/Users/edhalliwell/Develop/Academy/training/ts-kata-template/src/skeleton.ts","all":false,"statementMap":{"0":{"start":{"line":1,"column":0},"end":{"line":1,"column":13}},"1":{"start":{"line":2,"column":0},"end":{"line":2,"column":62}},"2":{"start":{"line":3,"column":0},"end":{"line":3,"column":122}},"3":{"start":{"line":4,"column":0},"end":{"line":4,"column":3}},"4":{"start":{"line":5,"column":0},"end":{"line":5,"column":28}},"5":{"start":{"line":6,"column":0},"end":{"line":6,"column":37}},"6":{"start":{"line":7,"column":0},"end":{"line":7,"column":38}},"7":{"start":{"line":8,"column":0},"end":{"line":8,"column":21}},"8":{"start":{"line":9,"column":0},"end":{"line":9,"column":3}},"9":{"start":{"line":10,"column":0},"end":{"line":10,"column":20}},"10":{"start":{"line":11,"column":0},"end":{"line":11,"column":17}},"11":{"start":{"line":12,"column":0},"end":{"line":12,"column":1}},"12":{"start":{"line":13,"column":0},"end":{"line":13,"column":18}},"13":{"start":{"line":14,"column":0},"end":{"line":14,"column":3}},"14":{"start":{"line":15,"column":0},"end":{"line":15,"column":77}},"15":{"start":{"line":16,"column":0},"end":{"line":16,"column":54}},"16":{"start":{"line":17,"column":0},"end":{"line":17,"column":26}},"17":{"start":{"line":18,"column":0},"end":{"line":18,"column":3}},"18":{"start":{"line":19,"column":0},"end":{"line":19,"column":33}},"19":{"start":{"line":20,"column":0},"end":{"line":20,"column":18}},"20":{"start":{"line":21,"column":0},"end":{"line":21,"column":74}},"21":{"start":{"line":22,"column":0},"end":{"line":22,"column":33}},"22":{"start":{"line":23,"column":0},"end":{"line":23,"column":39}},"23":{"start":{"line":24,"column":0},"end":{"line":24,"column":31}},"24":{"start":{"line":25,"column":0},"end":{"line":25,"column":15}},"25":{"start":{"line":26,"column":0},"end":{"line":26,"column":22}},"26":{"start":{"line":27,"column":0},"end":{"line":27,"column":20}},"27":{"start":{"line":28,"column":0},"end":{"line":28,"column":37}},"28":{"start":{"line":29,"column":0},"end":{"line":29,"column":55}},"29":{"start":{"line":30,"column":0},"end":{"line":30,"column":20}},"30":{"start":{"line":31,"column":0},"end":{"line":31,"column":5}},"31":{"start":{"line":32,"column":0},"end":{"line":32,"column":17}},"32":{"start":{"line":33,"column":0},"end":{"line":33,"column":1}},"33":{"start":{"line":34,"column":0},"end":{"line":34,"column":30}},"34":{"start":{"line":35,"column":0},"end":{"line":35,"column":3}},"35":{"start":{"line":36,"column":0},"end":{"line":36,"column":57}},"36":{"start":{"line":37,"column":0},"end":{"line":37,"column":55}},"37":{"start":{"line":38,"column":0},"end":{"line":38,"column":64}},"38":{"start":{"line":39,"column":0},"end":{"line":39,"column":3}},"39":{"start":{"line":40,"column":0},"end":{"line":40,"column":23}},"40":{"start":{"line":41,"column":0},"end":{"line":41,"column":27}},"41":{"start":{"line":42,"column":0},"end":{"line":42,"column":40}},"42":{"start":{"line":43,"column":0},"end":{"line":43,"column":27}},"43":{"start":{"line":44,"column":0},"end":{"line":44,"column":55}},"44":{"start":{"line":45,"column":0},"end":{"line":45,"column":27}},"45":{"start":{"line":46,"column":0},"end":{"line":46,"column":68}},"46":{"start":{"line":47,"column":0},"end":{"line":47,"column":25}},"47":{"start":{"line":48,"column":0},"end":{"line":48,"column":83}},"48":{"start":{"line":49,"column":0},"end":{"line":49,"column":8}},"49":{"start":{"line":50,"column":0},"end":{"line":50,"column":35}},"50":{"start":{"line":51,"column":0},"end":{"line":51,"column":1}},"51":{"start":{"line":52,"column":0},"end":{"line":52,"column":22}},"52":{"start":{"line":53,"column":0},"end":{"line":53,"column":3}},"53":{"start":{"line":54,"column":0},"end":{"line":54,"column":119}},"54":{"start":{"line":55,"column":0},"end":{"line":55,"column":51}},"55":{"start":{"line":56,"column":0},"end":{"line":56,"column":58}},"56":{"start":{"line":57,"column":0},"end":{"line":57,"column":3}},"57":{"start":{"line":58,"column":0},"end":{"line":58,"column":33}},"58":{"start":{"line":59,"column":0},"end":{"line":59,"column":25}},"59":{"start":{"line":60,"column":0},"end":{"line":60,"column":44}},"60":{"start":{"line":61,"column":0},"end":{"line":61,"column":34}},"61":{"start":{"line":62,"column":0},"end":{"line":62,"column":31}},"62":{"start":{"line":63,"column":0},"end":{"line":63,"column":64}},"63":{"start":{"line":64,"column":0},"end":{"line":64,"column":9}},"64":{"start":{"line":65,"column":0},"end":{"line":65,"column":14}},"65":{"start":{"line":66,"column":0},"end":{"line":66,"column":35}},"66":{"start":{"line":67,"column":0},"end":{"line":67,"column":9}},"67":{"start":{"line":68,"column":0},"end":{"line":68,"column":5}},"68":{"start":{"line":69,"column":0},"end":{"line":69,"column":40}},"69":{"start":{"line":70,"column":0},"end":{"line":70,"column":1}},"70":{"start":{"line":71,"column":0},"end":{"line":71,"column":30}},"71":{"start":{"line":72,"column":0},"end":{"line":72,"column":3}},"72":{"start":{"line":73,"column":0},"end":{"line":73,"column":138}},"73":{"start":{"line":74,"column":0},"end":{"line":74,"column":51}},"74":{"start":{"line":75,"column":0},"end":{"line":75,"column":58}},"75":{"start":{"line":76,"column":0},"end":{"line":76,"column":3}},"76":{"start":{"line":77,"column":0},"end":{"line":77,"column":40}},"77":{"start":{"line":78,"column":0},"end":{"line":78,"column":25}},"78":{"start":{"line":79,"column":0},"end":{"line":79,"column":44}},"79":{"start":{"line":80,"column":0},"end":{"line":80,"column":30}},"80":{"start":{"line":81,"column":0},"end":{"line":81,"column":24}},"81":{"start":{"line":82,"column":0},"end":{"line":82,"column":65}},"82":{"start":{"line":83,"column":0},"end":{"line":83,"column":37}},"83":{"start":{"line":84,"column":0},"end":{"line":84,"column":7}},"84":{"start":{"line":85,"column":0},"end":{"line":85,"column":40}},"85":{"start":{"line":86,"column":0},"end":{"line":86,"column":1}},"86":{"start":{"line":87,"column":0},"end":{"line":87,"column":44}},"87":{"start":{"line":88,"column":0},"end":{"line":88,"column":3}},"88":{"start":{"line":89,"column":0},"end":{"line":89,"column":318}},"89":{"start":{"line":90,"column":0},"end":{"line":90,"column":0}},"90":{"start":{"line":91,"column":0},"end":{"line":91,"column":3}},"91":{"start":{"line":92,"column":0},"end":{"line":92,"column":110}},"92":{"start":{"line":93,"column":0},"end":{"line":93,"column":72}},"93":{"start":{"line":94,"column":0},"end":{"line":94,"column":29}},"94":{"start":{"line":95,"column":0},"end":{"line":95,"column":3}},"95":{"start":{"line":96,"column":0},"end":{"line":96,"column":25}},"96":{"start":{"line":97,"column":0},"end":{"line":97,"column":36}},"97":{"start":{"line":98,"column":0},"end":{"line":98,"column":50}},"98":{"start":{"line":99,"column":0},"end":{"line":99,"column":36}},"99":{"start":{"line":100,"column":0},"end":{"line":100,"column":50}},"100":{"start":{"line":101,"column":0},"end":{"line":101,"column":50}},"101":{"start":{"line":102,"column":0},"end":{"line":102,"column":31}},"102":{"start":{"line":103,"column":0},"end":{"line":103,"column":5}},"103":{"start":{"line":104,"column":0},"end":{"line":104,"column":13}},"104":{"start":{"line":105,"column":0},"end":{"line":105,"column":1}},"105":{"start":{"line":106,"column":0},"end":{"line":106,"column":26}},"106":{"start":{"line":107,"column":0},"end":{"line":107,"column":66}},"107":{"start":{"line":108,"column":0},"end":{"line":108,"column":51}},"108":{"start":{"line":109,"column":0},"end":{"line":109,"column":61}},"109":{"start":{"line":110,"column":0},"end":{"line":110,"column":36}}},"s":{"0":1,"1":1,"2":1,"3":1,"4":1,"5":1,"6":1,"7":1,"8":1,"9":1,"10":1,"11":1,"12":1,"13":1,"14":1,"15":3,"16":3,"17":3,"18":3,"19":3,"20":3,"21":3,"22":3,"23":3,"24":3,"25":138,"26":138,"27":3,"28":3,"29":1,"30":1,"31":1,"32":1,"33":1,"34":1,"35":5,"36":5,"37":5,"38":3,"39":5,"40":5,"41":5,"42":5,"43":5,"44":1,"45":1,"46":1,"47":1,"48":1,"49":1,"50":3,"51":3,"52":3,"53":3,"54":11,"55":3,"56":3,"57":8,"58":8,"59":11,"60":3,"61":3,"62":1,"63":1,"64":1,"65":1,"66":1,"67":1,"68":3,"69":3,"70":3,"71":3,"72":11,"73":8,"74":11,"75":11,"76":3,"77":3,"78":1,"79":1,"80":1,"81":1,"82":1,"83":1,"84":1,"85":1,"86":1,"87":0,"88":0,"89":0,"90":0,"91":0,"92":0,"93":0,"94":0,"95":0,"96":0,"97":0,"98":0,"99":1,"100":1,"101":1,"102":1,"103":1,"104":1,"105":1,"106":1,"107":1,"108":1,"109":1},"branchMap":{"0":{"type":"branch","line":7,"loc":{"start":{"line":7,"column":0},"end":{"line":9,"column":3}},"locations":[{"start":{"line":7,"column":0},"end":{"line":9,"column":3}}]},"1":{"type":"branch","line":16,"loc":{"start":{"line":16,"column":0},"end":{"line":29,"column":55}},"locations":[{"start":{"line":16,"column":0},"end":{"line":29,"column":55}}]},"2":{"type":"branch","line":26,"loc":{"start":{"line":26,"column":-1},"end":{"line":27,"column":20}},"locations":[{"start":{"line":26,"column":-1},"end":{"line":27,"column":20}}]},"3":{"type":"branch","line":36,"loc":{"start":{"line":36,"column":0},"end":{"line":44,"column":55}},"locations":[{"start":{"line":36,"column":0},"end":{"line":44,"column":55}}]},"4":{"type":"branch","line":37,"loc":{"start":{"line":37,"column":26},"end":{"line":37,"column":33}},"locations":[{"start":{"line":37,"column":26},"end":{"line":37,"column":33}}]},"5":{"type":"branch","line":37,"loc":{"start":{"line":37,"column":26},"end":{"line":38,"column":6}},"locations":[{"start":{"line":37,"column":26},"end":{"line":38,"column":6}}]},"6":{"type":"branch","line":38,"loc":{"start":{"line":38,"column":26},"end":{"line":38,"column":33}},"locations":[{"start":{"line":38,"column":26},"end":{"line":38,"column":33}}]},"7":{"type":"branch","line":38,"loc":{"start":{"line":38,"column":26},"end":{"line":39,"column":3}},"locations":[{"start":{"line":38,"column":26},"end":{"line":39,"column":3}}]},"8":{"type":"branch","line":40,"loc":{"start":{"line":40,"column":4},"end":{"line":40,"column":11}},"locations":[{"start":{"line":40,"column":4},"end":{"line":40,"column":11}}]},"9":{"type":"branch","line":40,"loc":{"start":{"line":40,"column":4},"end":{"line":41,"column":6}},"locations":[{"start":{"line":40,"column":4},"end":{"line":41,"column":6}}]},"10":{"type":"branch","line":42,"loc":{"start":{"line":42,"column":4},"end":{"line":43,"column":14}},"locations":[{"start":{"line":42,"column":4},"end":{"line":43,"column":14}}]},"11":{"type":"branch","line":51,"loc":{"start":{"line":51,"column":0},"end":{"line":62,"column":31}},"locations":[{"start":{"line":51,"column":0},"end":{"line":62,"column":31}}]},"12":{"type":"branch","line":54,"loc":{"start":{"line":54,"column":31},"end":{"line":60,"column":44}},"locations":[{"start":{"line":54,"column":31},"end":{"line":60,"column":44}}]},"13":{"type":"branch","line":55,"loc":{"start":{"line":55,"column":26},"end":{"line":57,"column":3}},"locations":[{"start":{"line":55,"column":26},"end":{"line":57,"column":3}}]},"14":{"type":"branch","line":58,"loc":{"start":{"line":58,"column":-1},"end":{"line":59,"column":25}},"locations":[{"start":{"line":58,"column":-1},"end":{"line":59,"column":25}}]},"15":{"type":"branch","line":69,"loc":{"start":{"line":69,"column":0},"end":{"line":78,"column":25}},"locations":[{"start":{"line":69,"column":0},"end":{"line":78,"column":25}}]},"16":{"type":"branch","line":73,"loc":{"start":{"line":73,"column":-1},"end":{"line":76,"column":3}},"locations":[{"start":{"line":73,"column":-1},"end":{"line":76,"column":3}}]},"17":{"type":"branch","line":73,"loc":{"start":{"line":73,"column":4},"end":{"line":74,"column":19}},"locations":[{"start":{"line":73,"column":4},"end":{"line":74,"column":19}}]},"18":{"type":"branch","line":73,"loc":{"start":{"line":73,"column":4},"end":{"line":75,"column":19}},"locations":[{"start":{"line":73,"column":4},"end":{"line":75,"column":19}}]}},"b":{"0":[1],"1":[3],"2":[138],"3":[5],"4":[1],"5":[4],"6":[1],"7":[3],"8":[1],"9":[2],"10":[1],"11":[3],"12":[11],"13":[3],"14":[8],"15":[3],"16":[11],"17":[3],"18":[8]},"fnMap":{"0":{"name":"sum","decl":{"start":{"line":7,"column":0},"end":{"line":9,"column":3}},"loc":{"start":{"line":7,"column":0},"end":{"line":9,"column":3}},"line":7},"1":{"name":"wordCount","decl":{"start":{"line":16,"column":0},"end":{"line":29,"column":55}},"loc":{"start":{"line":16,"column":0},"end":{"line":29,"column":55}},"line":16},"2":{"name":"likes","decl":{"start":{"line":36,"column":0},"end":{"line":44,"column":55}},"loc":{"start":{"line":36,"column":0},"end":{"line":44,"column":55}},"line":36},"3":{"name":"spinWords","decl":{"start":{"line":51,"column":0},"end":{"line":62,"column":31}},"loc":{"start":{"line":51,"column":0},"end":{"line":62,"column":31}},"line":51},"4":{"name":"spinWordsWithMap","decl":{"start":{"line":69,"column":0},"end":{"line":78,"column":25}},"loc":{"start":{"line":69,"column":0},"end":{"line":78,"column":25}},"line":69},"5":{"name":"outlier","decl":{"start":{"line":88,"column":0},"end":{"line":99,"column":36}},"loc":{"start":{"line":88,"column":0},"end":{"line":99,"column":36}},"line":88}},"f":{"0":1,"1":3,"2":5,"3":3,"4":3,"5":0}}
,"/Users/edhalliwell/Develop/Academy/training/ts-kata-template/src/typescript/skeleton.ts": {"path":"/Users/edhalliwell/Develop/Academy/training/ts-kata-template/src/typescript/skeleton.ts","all":false,"statementMap":{"0":{"start":{"line":1,"column":0},"end":{"line":1,"column":3}},"1":{"start":{"line":2,"column":0},"end":{"line":2,"column":28}},"2":{"start":{"line":3,"column":0},"end":{"line":3,"column":37}},"3":{"start":{"line":4,"column":0},"end":{"line":4,"column":38}},"4":{"start":{"line":5,"column":0},"end":{"line":5,"column":21}},"5":{"start":{"line":6,"column":0},"end":{"line":6,"column":3}},"6":{"start":{"line":7,"column":0},"end":{"line":7,"column":51}},"7":{"start":{"line":8,"column":0},"end":{"line":8,"column":15}},"8":{"start":{"line":9,"column":0},"end":{"line":9,"column":1}},"9":{"start":{"line":10,"column":0},"end":{"line":10,"column":0}},"10":{"start":{"line":11,"column":0},"end":{"line":11,"column":3}},"11":{"start":{"line":12,"column":0},"end":{"line":12,"column":77}},"12":{"start":{"line":13,"column":0},"end":{"line":13,"column":54}},"13":{"start":{"line":14,"column":0},"end":{"line":14,"column":26}},"14":{"start":{"line":15,"column":0},"end":{"line":15,"column":3}},"15":{"start":{"line":16,"column":0},"end":{"line":16,"column":56}},"16":{"start":{"line":17,"column":0},"end":{"line":17,"column":24}},"17":{"start":{"line":18,"column":0},"end":{"line":18,"column":72}},"18":{"start":{"line":19,"column":0},"end":{"line":19,"column":31}},"19":{"start":{"line":20,"column":0},"end":{"line":20,"column":35}},"20":{"start":{"line":21,"column":0},"end":{"line":21,"column":27}},"21":{"start":{"line":22,"column":0},"end":{"line":22,"column":11}},"22":{"start":{"line":23,"column":0},"end":{"line":23,"column":18}},"23":{"start":{"line":24,"column":0},"end":{"line":24,"column":16}},"24":{"start":{"line":25,"column":0},"end":{"line":25,"column":35}},"25":{"start":{"line":26,"column":0},"end":{"line":26,"column":60}},"26":{"start":{"line":27,"column":0},"end":{"line":27,"column":3}},"27":{"start":{"line":28,"column":0},"end":{"line":28,"column":15}},"28":{"start":{"line":29,"column":0},"end":{"line":29,"column":1}},"29":{"start":{"line":30,"column":0},"end":{"line":30,"column":0}},"30":{"start":{"line":31,"column":0},"end":{"line":31,"column":3}},"31":{"start":{"line":32,"column":0},"end":{"line":32,"column":57}},"32":{"start":{"line":33,"column":0},"end":{"line":33,"column":55}},"33":{"start":{"line":34,"column":0},"end":{"line":34,"column":64}},"34":{"start":{"line":35,"column":0},"end":{"line":35,"column":3}},"35":{"start":{"line":36,"column":0},"end":{"line":36,"column":48}},"36":{"start":{"line":37,"column":0},"end":{"line":37,"column":58}},"37":{"start":{"line":38,"column":0},"end":{"line":38,"column":73}},"38":{"start":{"line":39,"column":0},"end":{"line":39,"column":25}},"39":{"start":{"line":40,"column":0},"end":{"line":40,"column":64}},"40":{"start":{"line":41,"column":0},"end":{"line":41,"column":23}},"41":{"start":{"line":42,"column":0},"end":{"line":42,"column":79}},"42":{"start":{"line":43,"column":0},"end":{"line":43,"column":34}},"43":{"start":{"line":44,"column":0},"end":{"line":44,"column":1}},"44":{"start":{"line":45,"column":0},"end":{"line":45,"column":0}},"45":{"start":{"line":46,"column":0},"end":{"line":46,"column":3}},"46":{"start":{"line":47,"column":0},"end":{"line":47,"column":119}},"47":{"start":{"line":48,"column":0},"end":{"line":48,"column":51}},"48":{"start":{"line":49,"column":0},"end":{"line":49,"column":58}},"49":{"start":{"line":50,"column":0},"end":{"line":50,"column":3}},"50":{"start":{"line":51,"column":0},"end":{"line":51,"column":56}},"51":{"start":{"line":52,"column":0},"end":{"line":52,"column":23}},"52":{"start":{"line":53,"column":0},"end":{"line":53,"column":42}},"53":{"start":{"line":54,"column":0},"end":{"line":54,"column":32}},"54":{"start":{"line":55,"column":0},"end":{"line":55,"column":27}},"55":{"start":{"line":56,"column":0},"end":{"line":56,"column":58}},"56":{"start":{"line":57,"column":0},"end":{"line":57,"column":12}},"57":{"start":{"line":58,"column":0},"end":{"line":58,"column":29}},"58":{"start":{"line":59,"column":0},"end":{"line":59,"column":5}},"59":{"start":{"line":60,"column":0},"end":{"line":60,"column":3}},"60":{"start":{"line":61,"column":0},"end":{"line":61,"column":38}},"61":{"start":{"line":62,"column":0},"end":{"line":62,"column":1}},"62":{"start":{"line":63,"column":0},"end":{"line":63,"column":0}},"63":{"start":{"line":64,"column":0},"end":{"line":64,"column":3}},"64":{"start":{"line":65,"column":0},"end":{"line":65,"column":138}},"65":{"start":{"line":66,"column":0},"end":{"line":66,"column":51}},"66":{"start":{"line":67,"column":0},"end":{"line":67,"column":58}},"67":{"start":{"line":68,"column":0},"end":{"line":68,"column":3}},"68":{"start":{"line":69,"column":0},"end":{"line":69,"column":63}},"69":{"start":{"line":70,"column":0},"end":{"line":70,"column":33}},"70":{"start":{"line":71,"column":0},"end":{"line":71,"column":52}},"71":{"start":{"line":72,"column":0},"end":{"line":72,"column":36}},"72":{"start":{"line":73,"column":0},"end":{"line":73,"column":20}},"73":{"start":{"line":74,"column":0},"end":{"line":74,"column":59}},"74":{"start":{"line":75,"column":0},"end":{"line":75,"column":31}},"75":{"start":{"line":76,"column":0},"end":{"line":76,"column":5}},"76":{"start":{"line":77,"column":0},"end":{"line":77,"column":38}},"77":{"start":{"line":78,"column":0},"end":{"line":78,"column":1}},"78":{"start":{"line":79,"column":0},"end":{"line":79,"column":0}},"79":{"start":{"line":80,"column":0},"end":{"line":80,"column":3}},"80":{"start":{"line":81,"column":0},"end":{"line":81,"column":110}},"81":{"start":{"line":82,"column":0},"end":{"line":82,"column":82}},"82":{"start":{"line":83,"column":0},"end":{"line":83,"column":44}},"83":{"start":{"line":84,"column":0},"end":{"line":84,"column":3}},"84":{"start":{"line":85,"column":0},"end":{"line":85,"column":50}},"85":{"start":{"line":86,"column":0},"end":{"line":86,"column":21}},"86":{"start":{"line":87,"column":0},"end":{"line":87,"column":25}},"87":{"start":{"line":88,"column":0},"end":{"line":88,"column":26}},"88":{"start":{"line":89,"column":0},"end":{"line":89,"column":25}},"89":{"start":{"line":90,"column":0},"end":{"line":90,"column":0}},"90":{"start":{"line":91,"column":0},"end":{"line":91,"column":86}},"91":{"start":{"line":92,"column":0},"end":{"line":92,"column":48}},"92":{"start":{"line":93,"column":0},"end":{"line":93,"column":48}},"93":{"start":{"line":94,"column":0},"end":{"line":94,"column":48}},"94":{"start":{"line":95,"column":0},"end":{"line":95,"column":0}},"95":{"start":{"line":96,"column":0},"end":{"line":96,"column":72}},"96":{"start":{"line":97,"column":0},"end":{"line":97,"column":29}},"97":{"start":{"line":98,"column":0},"end":{"line":98,"column":44}},"98":{"start":{"line":99,"column":0},"end":{"line":99,"column":31}},"99":{"start":{"line":100,"column":0},"end":{"line":100,"column":26}},"100":{"start":{"line":101,"column":0},"end":{"line":101,"column":7}},"101":{"start":{"line":102,"column":0},"end":{"line":102,"column":5}},"102":{"start":{"line":103,"column":0},"end":{"line":103,"column":3}},"103":{"start":{"line":104,"column":0},"end":{"line":104,"column":72}},"104":{"start":{"line":105,"column":0},"end":{"line":105,"column":8}},"105":{"start":{"line":106,"column":0},"end":{"line":106,"column":44}},"106":{"start":{"line":107,"column":0},"end":{"line":107,"column":31}},"107":{"start":{"line":108,"column":0},"end":{"line":108,"column":26}},"108":{"start":{"line":109,"column":0},"end":{"line":109,"column":7}},"109":{"start":{"line":110,"column":0},"end":{"line":110,"column":5}},"110":{"start":{"line":111,"column":0},"end":{"line":111,"column":3}},"111":{"start":{"line":112,"column":0},"end":{"line":112,"column":16}},"112":{"start":{"line":113,"column":0},"end":{"line":113,"column":1}},"113":{"start":{"line":114,"column":0},"end":{"line":114,"column":0}},"114":{"start":{"line":115,"column":0},"end":{"line":115,"column":3}},"115":{"start":{"line":116,"column":0},"end":{"line":116,"column":143}},"116":{"start":{"line":117,"column":0},"end":{"line":117,"column":51}},"117":{"start":{"line":118,"column":0},"end":{"line":118,"column":49}},"118":{"start":{"line":119,"column":0},"end":{"line":119,"column":3}},"119":{"start":{"line":120,"column":0},"end":{"line":120,"column":22}},"120":{"start":{"line":121,"column":0},"end":{"line":121,"column":34}},"121":{"start":{"line":122,"column":0},"end":{"line":122,"column":39}},"122":{"start":{"line":123,"column":0},"end":{"line":123,"column":11}},"123":{"start":{"line":124,"column":0},"end":{"line":124,"column":17}},"124":{"start":{"line":125,"column":0},"end":{"line":125,"column":28}},"125":{"start":{"line":126,"column":0},"end":{"line":126,"column":61}},"126":{"start":{"line":127,"column":0},"end":{"line":127,"column":3}},"127":{"start":{"line":128,"column":0},"end":{"line":128,"column":54}},"128":{"start":{"line":129,"column":0},"end":{"line":129,"column":1}},"129":{"start":{"line":130,"column":0},"end":{"line":130,"column":0}},"130":{"start":{"line":131,"column":0},"end":{"line":131,"column":56}},"131":{"start":{"line":132,"column":0},"end":{"line":132,"column":20}},"132":{"start":{"line":133,"column":0},"end":{"line":133,"column":18}},"133":{"start":{"line":134,"column":0},"end":{"line":134,"column":16}},"134":{"start":{"line":135,"column":0},"end":{"line":135,"column":13}},"135":{"start":{"line":136,"column":0},"end":{"line":136,"column":1}},"136":{"start":{"line":137,"column":0},"end":{"line":137,"column":0}},"137":{"start":{"line":138,"column":0},"end":{"line":138,"column":66}},"138":{"start":{"line":139,"column":0},"end":{"line":139,"column":51}},"139":{"start":{"line":140,"column":0},"end":{"line":140,"column":61}}},"s":{"0":1,"1":1,"2":1,"3":1,"4":1,"5":1,"6":1,"7":1,"8":1,"9":1,"10":1,"11":1,"12":1,"13":1,"14":1,"15":1,"16":3,"17":3,"18":3,"19":3,"20":3,"21":3,"22":3,"23":3,"24":3,"25":138,"26":138,"27":3,"28":3,"29":1,"30":1,"31":1,"32":1,"33":1,"34":1,"35":1,"36":5,"37":5,"38":5,"39":5,"40":5,"41":5,"42":5,"43":5,"44":1,"45":1,"46":1,"47":1,"48":1,"49":1,"50":1,"51":3,"52":3,"53":3,"54":11,"55":3,"56":11,"57":8,"58":8,"59":11,"60":3,"61":3,"62":1,"63":1,"64":1,"65":1,"66":1,"67":1,"68":1,"69":3,"70":3,"71":3,"72":11,"73":8,"74":11,"75":11,"76":3,"77":3,"78":1,"79":1,"80":1,"81":1,"82":1,"83":1,"84":1,"85":3,"86":3,"87":3,"88":3,"89":3,"90":3,"91":3,"92":3,"93":3,"94":3,"95":3,"96":3,"97":1,"98":8,"99":1,"100":1,"101":8,"102":1,"103":2,"104":2,"105":2,"106":13,"107":2,"108":2,"109":13,"110":2,"111":3,"112":3,"113":1,"114":1,"115":1,"116":1,"117":1,"118":1,"119":1,"120":2,"121":2,"122":2,"123":2,"124":2,"125":8,"126":8,"127":2,"128":2,"129":1,"130":1,"131":5,"132":5,"133":5,"134":5,"135":5,"136":1,"137":1,"138":1,"139":1},"branchMap":{"0":{"type":"branch","line":7,"loc":{"start":{"line":7,"column":7},"end":{"line":9,"column":1}},"locations":[{"start":{"line":7,"column":7},"end":{"line":9,"column":1}}]},"1":{"type":"branch","line":16,"loc":{"start":{"line":16,"column":7},"end":{"line":29,"column":1}},"locations":[{"start":{"line":16,"column":7},"end":{"line":29,"column":1}}]},"2":{"type":"branch","line":25,"loc":{"start":{"line":25,"column":34},"end":{"line":27,"column":3}},"locations":[{"start":{"line":25,"column":34},"end":{"line":27,"column":3}}]},"3":{"type":"branch","line":26,"loc":{"start":{"line":26,"column":52},"end":{"line":26,"column":60}},"locations":[{"start":{"line":26,"column":52},"end":{"line":26,"column":60}}]},"4":{"type":"branch","line":36,"loc":{"start":{"line":36,"column":7},"end":{"line":44,"column":1}},"locations":[{"start":{"line":36,"column":7},"end":{"line":44,"column":1}}]},"5":{"type":"branch","line":37,"loc":{"start":{"line":37,"column":26},"end":{"line":37,"column":34}},"locations":[{"start":{"line":37,"column":26},"end":{"line":37,"column":34}}]},"6":{"type":"branch","line":37,"loc":{"start":{"line":37,"column":26},"end":{"line":38,"column":6}},"locations":[{"start":{"line":37,"column":26},"end":{"line":38,"column":6}}]},"7":{"type":"branch","line":38,"loc":{"start":{"line":38,"column":26},"end":{"line":38,"column":34}},"locations":[{"start":{"line":38,"column":26},"end":{"line":38,"column":34}}]},"8":{"type":"branch","line":38,"loc":{"start":{"line":38,"column":26},"end":{"line":39,"column":6}},"locations":[{"start":{"line":38,"column":26},"end":{"line":39,"column":6}}]},"9":{"type":"branch","line":40,"loc":{"start":{"line":40,"column":4},"end":{"line":40,"column":12}},"locations":[{"start":{"line":40,"column":4},"end":{"line":40,"column":12}}]},"10":{"type":"branch","line":40,"loc":{"start":{"line":40,"column":4},"end":{"line":41,"column":6}},"locations":[{"start":{"line":40,"column":4},"end":{"line":41,"column":6}}]},"11":{"type":"branch","line":42,"loc":{"start":{"line":42,"column":4},"end":{"line":43,"column":14}},"locations":[{"start":{"line":42,"column":4},"end":{"line":43,"column":14}}]},"12":{"type":"branch","line":51,"loc":{"start":{"line":51,"column":7},"end":{"line":62,"column":1}},"locations":[{"start":{"line":51,"column":7},"end":{"line":62,"column":1}}]},"13":{"type":"branch","line":54,"loc":{"start":{"line":54,"column":31},"end":{"line":60,"column":3}},"locations":[{"start":{"line":54,"column":31},"end":{"line":60,"column":3}}]},"14":{"type":"branch","line":55,"loc":{"start":{"line":55,"column":26},"end":{"line":57,"column":11}},"locations":[{"start":{"line":55,"column":26},"end":{"line":57,"column":11}}]},"15":{"type":"branch","line":57,"loc":{"start":{"line":57,"column":5},"end":{"line":59,"column":5}},"locations":[{"start":{"line":57,"column":5},"end":{"line":59,"column":5}}]},"16":{"type":"branch","line":69,"loc":{"start":{"line":69,"column":7},"end":{"line":78,"column":1}},"locations":[{"start":{"line":69,"column":7},"end":{"line":78,"column":1}}]},"17":{"type":"branch","line":72,"loc":{"start":{"line":72,"column":18},"end":{"line":76,"column":5}},"locations":[{"start":{"line":72,"column":18},"end":{"line":76,"column":5}}]},"18":{"type":"branch","line":73,"loc":{"start":{"line":73,"column":4},"end":{"line":74,"column":19}},"locations":[{"start":{"line":73,"column":4},"end":{"line":74,"column":19}}]},"19":{"type":"branch","line":73,"loc":{"start":{"line":73,"column":4},"end":{"line":75,"column":19}},"locations":[{"start":{"line":73,"column":4},"end":{"line":75,"column":19}}]},"20":{"type":"branch","line":85,"loc":{"start":{"line":85,"column":7},"end":{"line":113,"column":1}},"locations":[{"start":{"line":85,"column":7},"end":{"line":113,"column":1}}]},"21":{"type":"branch","line":92,"loc":{"start":{"line":92,"column":2},"end":{"line":92,"column":37}},"locations":[{"start":{"line":92,"column":2},"end":{"line":92,"column":37}}]},"22":{"type":"branch","line":92,"loc":{"start":{"line":92,"column":2},"end":{"line":92,"column":48}},"locations":[{"start":{"line":92,"column":2},"end":{"line":92,"column":48}}]},"23":{"type":"branch","line":93,"loc":{"start":{"line":93,"column":2},"end":{"line":93,"column":37}},"locations":[{"start":{"line":93,"column":2},"end":{"line":93,"column":37}}]},"24":{"type":"branch","line":93,"loc":{"start":{"line":93,"column":2},"end":{"line":93,"column":48}},"locations":[{"start":{"line":93,"column":2},"end":{"line":93,"column":48}}]},"25":{"type":"branch","line":94,"loc":{"start":{"line":94,"column":2},"end":{"line":94,"column":37}},"locations":[{"start":{"line":94,"column":2},"end":{"line":94,"column":37}}]},"26":{"type":"branch","line":94,"loc":{"start":{"line":94,"column":2},"end":{"line":94,"column":48}},"locations":[{"start":{"line":94,"column":2},"end":{"line":94,"column":48}}]},"27":{"type":"branch","line":97,"loc":{"start":{"line":97,"column":28},"end":{"line":103,"column":3}},"locations":[{"start":{"line":97,"column":28},"end":{"line":103,"column":3}}]},"28":{"type":"branch","line":98,"loc":{"start":{"line":98,"column":43},"end":{"line":102,"column":5}},"locations":[{"start":{"line":98,"column":43},"end":{"line":102,"column":5}}]},"29":{"type":"branch","line":99,"loc":{"start":{"line":99,"column":30},"end":{"line":101,"column":7}},"locations":[{"start":{"line":99,"column":30},"end":{"line":101,"column":7}}]},"30":{"type":"branch","line":104,"loc":{"start":{"line":104,"column":-1},"end":{"line":111,"column":3}},"locations":[{"start":{"line":104,"column":-1},"end":{"line":111,"column":3}}]},"31":{"type":"branch","line":106,"loc":{"start":{"line":106,"column":43},"end":{"line":110,"column":5}},"locations":[{"start":{"line":106,"column":43},"end":{"line":110,"column":5}}]},"32":{"type":"branch","line":107,"loc":{"start":{"line":107,"column":30},"end":{"line":109,"column":7}},"locations":[{"start":{"line":107,"column":30},"end":{"line":109,"column":7}}]},"33":{"type":"branch","line":120,"loc":{"start":{"line":120,"column":7},"end":{"line":129,"column":1}},"locations":[{"start":{"line":120,"column":7},"end":{"line":129,"column":1}}]},"34":{"type":"branch","line":125,"loc":{"start":{"line":125,"column":27},"end":{"line":127,"column":3}},"locations":[{"start":{"line":125,"column":27},"end":{"line":127,"column":3}}]},"35":{"type":"branch","line":128,"loc":{"start":{"line":128,"column":9},"end":{"line":128,"column":35}},"locations":[{"start":{"line":128,"column":9},"end":{"line":128,"column":35}}]},"36":{"type":"branch","line":128,"loc":{"start":{"line":128,"column":9},"end":{"line":128,"column":39}},"locations":[{"start":{"line":128,"column":9},"end":{"line":128,"column":39}}]},"37":{"type":"branch","line":131,"loc":{"start":{"line":131,"column":7},"end":{"line":136,"column":1}},"locations":[{"start":{"line":131,"column":7},"end":{"line":136,"column":1}}]}},"b":{"0":[1],"1":[3],"2":[138],"3":[116],"4":[5],"5":[1],"6":[4],"7":[1],"8":[3],"9":[1],"10":[2],"11":[1],"12":[3],"13":[11],"14":[3],"15":[8],"16":[3],"17":[11],"18":[3],"19":[8],"20":[3],"21":[2],"22":[1],"23":[1],"24":[2],"25":[1],"26":[2],"27":[1],"28":[8],"29":[1],"30":[2],"31":[13],"32":[2],"33":[2],"34":[8],"35":[1],"36":[1],"37":[5]},"fnMap":{"0":{"name":"sum","decl":{"start":{"line":7,"column":7},"end":{"line":9,"column":1}},"loc":{"start":{"line":7,"column":7},"end":{"line":9,"column":1}},"line":7},"1":{"name":"wordCount","decl":{"start":{"line":16,"column":7},"end":{"line":29,"column":1}},"loc":{"start":{"line":16,"column":7},"end":{"line":29,"column":1}},"line":16},"2":{"name":"likes","decl":{"start":{"line":36,"column":7},"end":{"line":44,"column":1}},"loc":{"start":{"line":36,"column":7},"end":{"line":44,"column":1}},"line":36},"3":{"name":"spinWords","decl":{"start":{"line":51,"column":7},"end":{"line":62,"column":1}},"loc":{"start":{"line":51,"column":7},"end":{"line":62,"column":1}},"line":51},"4":{"name":"spinWordsWithMap","decl":{"start":{"line":69,"column":7},"end":{"line":78,"column":1}},"loc":{"start":{"line":69,"column":7},"end":{"line":78,"column":1}},"line":69},"5":{"name":"outlier","decl":{"start":{"line":85,"column":7},"end":{"line":113,"column":1}},"loc":{"start":{"line":85,"column":7},"end":{"line":113,"column":1}},"line":85},"6":{"name":"cakes","decl":{"start":{"line":120,"column":7},"end":{"line":129,"column":1}},"loc":{"start":{"line":120,"column":7},"end":{"line":129,"column":1}},"line":120},"7":{"name":"fixTheMeerkat","decl":{"start":{"line":131,"column":7},"end":{"line":136,"column":1}},"loc":{"start":{"line":131,"column":7},"end":{"line":136,"column":1}},"line":131}},"f":{"0":1,"1":3,"2":5,"3":3,"4":3,"5":3,"6":2,"7":5}}
}
