TN:
SF:src/skeleton.ts
FN:7,sum
FN:16,wordCount
FN:36,likes
FN:51,spinWords
FN:69,spinWordsWithMap
FN:88,outlier
FNF:6
FNH:5
FNDA:1,sum
FNDA:3,wordCount
FNDA:5,likes
FNDA:3,spinWords
FNDA:3,spinWordsWithMap
FNDA:0,outlier
DA:1,1
DA:2,1
DA:3,1
DA:4,1
DA:5,1
DA:6,1
DA:7,1
DA:8,1
DA:9,1
DA:10,1
DA:11,1
DA:12,1
DA:13,1
DA:14,1
DA:15,1
DA:16,3
DA:17,3
DA:18,3
DA:19,3
DA:20,3
DA:21,3
DA:22,3
DA:23,3
DA:24,3
DA:25,3
DA:26,138
DA:27,138
DA:28,3
DA:29,3
DA:30,1
DA:31,1
DA:32,1
DA:33,1
DA:34,1
DA:35,1
DA:36,5
DA:37,5
DA:38,5
DA:39,3
DA:40,5
DA:41,5
DA:42,5
DA:43,5
DA:44,5
DA:45,1
DA:46,1
DA:47,1
DA:48,1
DA:49,1
DA:50,1
DA:51,3
DA:52,3
DA:53,3
DA:54,3
DA:55,11
DA:56,3
DA:57,3
DA:58,8
DA:59,8
DA:60,11
DA:61,3
DA:62,3
DA:63,1
DA:64,1
DA:65,1
DA:66,1
DA:67,1
DA:68,1
DA:69,3
DA:70,3
DA:71,3
DA:72,3
DA:73,11
DA:74,8
DA:75,11
DA:76,11
DA:77,3
DA:78,3
DA:79,1
DA:80,1
DA:81,1
DA:82,1
DA:83,1
DA:84,1
DA:85,1
DA:86,1
DA:87,1
DA:88,0
DA:89,0
DA:90,0
DA:91,0
DA:92,0
DA:93,0
DA:94,0
DA:95,0
DA:96,0
DA:97,0
DA:98,0
DA:99,0
DA:100,1
DA:101,1
DA:102,1
DA:103,1
DA:104,1
DA:105,1
DA:106,1
DA:107,1
DA:108,1
DA:109,1
DA:110,1
LF:110
LH:98
BRDA:7,0,0,1
BRDA:16,1,0,3
BRDA:26,2,0,138
BRDA:36,3,0,5
BRDA:37,4,0,1
BRDA:37,5,0,4
BRDA:38,6,0,1
BRDA:38,7,0,3
BRDA:40,8,0,1
BRDA:40,9,0,2
BRDA:42,10,0,1
BRDA:51,11,0,3
BRDA:54,12,0,11
BRDA:55,13,0,3
BRDA:58,14,0,8
BRDA:69,15,0,3
BRDA:73,16,0,11
BRDA:73,17,0,3
BRDA:73,18,0,8
BRF:19
BRH:19
end_of_record
TN:
SF:src/typescript/skeleton.ts
FN:7,sum
FN:16,wordCount
FN:36,likes
FN:51,spinWords
FN:69,spinWordsWithMap
FN:85,outlier
FN:120,cakes
FN:131,fixTheMeerkat
FN:143,order
FNF:9
FNH:9
FNDA:1,sum
FNDA:3,wordCount
FNDA:5,likes
FNDA:3,spinWords
FNDA:3,spinWordsWithMap
FNDA:3,outlier
FNDA:2,cakes
FNDA:5,fixTheMeerkat
FNDA:3,order
DA:1,1
DA:2,1
DA:3,1
DA:4,1
DA:5,1
DA:6,1
DA:7,1
DA:8,1
DA:9,1
DA:10,1
DA:11,1
DA:12,1
DA:13,1
DA:14,1
DA:15,1
DA:16,1
DA:17,3
DA:18,3
DA:19,3
DA:20,3
DA:21,3
DA:22,3
DA:23,3
DA:24,3
DA:25,3
DA:26,138
DA:27,138
DA:28,3
DA:29,3
DA:30,1
DA:31,1
DA:32,1
DA:33,1
DA:34,1
DA:35,1
DA:36,1
DA:37,5
DA:38,5
DA:39,5
DA:40,5
DA:41,5
DA:42,5
DA:43,5
DA:44,5
DA:45,1
DA:46,1
DA:47,1
DA:48,1
DA:49,1
DA:50,1
DA:51,1
DA:52,3
DA:53,3
DA:54,3
DA:55,11
DA:56,3
DA:57,11
DA:58,8
DA:59,8
DA:60,11
DA:61,3
DA:62,3
DA:63,1
DA:64,1
DA:65,1
DA:66,1
DA:67,1
DA:68,1
DA:69,1
DA:70,3
DA:71,3
DA:72,3
DA:73,11
DA:74,8
DA:75,11
DA:76,11
DA:77,3
DA:78,3
DA:79,1
DA:80,1
DA:81,1
DA:82,1
DA:83,1
DA:84,1
DA:85,1
DA:86,3
DA:87,3
DA:88,3
DA:89,3
DA:90,3
DA:91,3
DA:92,3
DA:93,3
DA:94,3
DA:95,3
DA:96,3
DA:97,3
DA:98,1
DA:99,8
DA:100,1
DA:101,1
DA:102,8
DA:103,1
DA:104,2
DA:105,2
DA:106,2
DA:107,13
DA:108,2
DA:109,2
DA:110,13
DA:111,2
DA:112,3
DA:113,3
DA:114,1
DA:115,1
DA:116,1
DA:117,1
DA:118,1
DA:119,1
DA:120,1
DA:121,2
DA:122,2
DA:123,2
DA:124,2
DA:125,2
DA:126,8
DA:127,8
DA:128,2
DA:129,2
DA:130,1
DA:131,1
DA:132,5
DA:133,5
DA:134,5
DA:135,5
DA:136,5
DA:137,1
DA:138,1
DA:139,1
DA:140,1
DA:141,1
DA:142,1
DA:143,1
DA:144,3
DA:145,2
DA:146,2
DA:147,3
DA:148,10
DA:149,10
DA:150,10
DA:151,10
LF:151
LH:151
BRDA:7,0,0,1
BRDA:16,1,0,3
BRDA:25,2,0,138
BRDA:26,3,0,116
BRDA:36,4,0,5
BRDA:37,5,0,1
BRDA:37,6,0,4
BRDA:38,7,0,1
BRDA:38,8,0,3
BRDA:40,9,0,1
BRDA:40,10,0,2
BRDA:42,11,0,1
BRDA:51,12,0,3
BRDA:54,13,0,11
BRDA:55,14,0,3
BRDA:57,15,0,8
BRDA:69,16,0,3
BRDA:72,17,0,11
BRDA:73,18,0,3
BRDA:73,19,0,8
BRDA:85,20,0,3
BRDA:92,21,0,2
BRDA:92,22,0,1
BRDA:93,23,0,1
BRDA:93,24,0,2
BRDA:94,25,0,1
BRDA:94,26,0,2
BRDA:97,27,0,1
BRDA:98,28,0,8
BRDA:99,29,0,1
BRDA:104,30,0,2
BRDA:106,31,0,13
BRDA:107,32,0,2
BRDA:120,33,0,2
BRDA:125,34,0,8
BRDA:128,35,0,1
BRDA:128,36,0,1
BRDA:131,37,0,5
BRDA:143,38,0,3
BRDA:144,39,0,1
BRDA:144,40,0,2
BRDA:147,41,0,10
BRDA:148,42,0,31
BRF:43
BRH:43
end_of_record
